======================================================================
 Natural emergence test: does sparsity self-organize to eps^2?
  ckpt=clarus/clarus_lm_kogpt2.pt  device=cuda  steps=60
  cycle_len=4  measure_every=5
======================================================================

[CORPUS] 444369 tokens  train=422150  val=22219

======================================================================
  Variant: A_plain
======================================================================
  probe layers: 12
  init: ppl=2323.73  active=81.72%  target eps^2=4.87%
  [A_plain] cyc    1  loss=8.072  ppl= 392.18  active=81.01%  dist_eps2=0.57970
  [A_plain] cyc    5  loss=5.181  ppl= 144.07  active=79.86%  dist_eps2=0.56240
  [A_plain] cyc   10  loss=4.470  ppl= 108.56  active=79.68%  dist_eps2=0.55964
  [A_plain] cyc   15  loss=4.254  ppl=  57.35  active=79.21%  dist_eps2=0.55270
  [A_plain] cyc   20  loss=4.002  ppl=  63.92  active=79.39%  dist_eps2=0.55530
  [A_plain] cyc   25  loss=3.813  ppl=  99.76  active=79.16%  dist_eps2=0.55197
  [A_plain] cyc   30  loss=4.038  ppl=  55.85  active=78.91%  dist_eps2=0.54815
  [A_plain] cyc   35  loss=3.642  ppl=  53.45  active=78.74%  dist_eps2=0.54563
  [A_plain] cyc   40  loss=3.783  ppl=  39.84  active=78.75%  dist_eps2=0.54589
  [A_plain] cyc   45  loss=3.860  ppl=  34.96  active=78.67%  dist_eps2=0.54458
  [A_plain] cyc   50  loss=3.428  ppl=  28.34  active=78.35%  dist_eps2=0.53999
  [A_plain] cyc   55  loss=3.478  ppl=  45.92  active=78.08%  dist_eps2=0.53594
  [A_plain] cyc   60  loss=3.341  ppl=  27.20  active=77.60%  dist_eps2=0.52895

======================================================================
  Variant: B_heat_flow
======================================================================
  probe layers: 12
  init: ppl=2323.73  active=81.72%  target eps^2=4.87%
  [B_heat_flow] cyc    1  loss=8.072  ppl= 392.18  active=81.01%  dist_eps2=0.57970
  [B_heat_flow] cyc    5  loss=5.181  ppl= 144.07  active=79.86%  dist_eps2=0.56240
  [B_heat_flow] cyc   10  loss=4.078  ppl= 110.12  active=79.63%  dist_eps2=0.55895
  [B_heat_flow] cyc   15  loss=4.363  ppl=  53.88  active=79.21%  dist_eps2=0.55268
  [B_heat_flow] cyc   20  loss=4.162  ppl=  63.12  active=79.47%  dist_eps2=0.55649
  [B_heat_flow] cyc   25  loss=3.709  ppl=  98.43  active=79.11%  dist_eps2=0.55110
  [B_heat_flow] cyc   30  loss=3.902  ppl=  55.51  active=78.88%  dist_eps2=0.54772
  [B_heat_flow] cyc   35  loss=3.970  ppl=  54.22  active=78.75%  dist_eps2=0.54584
  [B_heat_flow] cyc   40  loss=3.658  ppl=  39.54  active=78.75%  dist_eps2=0.54580
  [B_heat_flow] cyc   45  loss=3.971  ppl=  34.87  active=78.51%  dist_eps2=0.54226
  [B_heat_flow] cyc   50  loss=3.283  ppl=  29.07  active=78.48%  dist_eps2=0.54180
  [B_heat_flow] cyc   55  loss=3.391  ppl=  46.32  active=77.97%  dist_eps2=0.53431
  [B_heat_flow] cyc   60  loss=3.509  ppl=  26.74  active=77.64%  dist_eps2=0.52953

======================================================================
  Variant: C_forced_eps
======================================================================
  probe layers: 12
  init: ppl=2323.73  active=81.72%  target eps^2=4.87%
  [C_forced_eps] cyc    1  loss=8.072  ppl=1555.48  active=81.83%  dist_eps2=0.59227
  [C_forced_eps] cyc    5  loss=7.048  ppl= 844.84  active=81.80%  dist_eps2=0.59187
  [C_forced_eps] cyc   10  loss=6.267  ppl= 466.63  active=82.15%  dist_eps2=0.59725
  [C_forced_eps] cyc   15  loss=5.537  ppl= 181.18  active=81.47%  dist_eps2=0.58677
  [C_forced_eps] cyc   20  loss=4.997  ppl= 159.04  active=81.12%  dist_eps2=0.58139
  [C_forced_eps] cyc   25  loss=4.703  ppl= 200.54  active=81.15%  dist_eps2=0.58183
  [C_forced_eps] cyc   30  loss=4.754  ppl= 113.32  active=81.50%  dist_eps2=0.58725
  [C_forced_eps] cyc   35  loss=4.384  ppl=  99.22  active=81.92%  dist_eps2=0.59368
  [C_forced_eps] cyc   40  loss=4.465  ppl=  79.06  active=82.02%  dist_eps2=0.59514
  [C_forced_eps] cyc   45  loss=4.566  ppl=  63.17  active=82.16%  dist_eps2=0.59740
  [C_forced_eps] cyc   50  loss=4.076  ppl=  52.46  active=82.20%  dist_eps2=0.59795
  [C_forced_eps] cyc   55  loss=4.223  ppl=  92.52  active=82.34%  dist_eps2=0.60015
  [C_forced_eps] cyc   60  loss=4.018  ppl=  51.06  active=82.50%  dist_eps2=0.60257

[SAVED] examples\ai\results\natural_dynamics.json

======================================================================
 Summary: final active fraction vs target 4.87%
======================================================================
variant                init_act%  final_act%   final_ppl     dist_eps2
A_plain                   81.72%      77.60%       27.20       0.52895
B_heat_flow               81.72%      77.64%       26.74       0.52953
C_forced_eps              81.72%      82.50%       51.06       0.60257

ÇŘĽ®:
  - dist_eps2°ˇ °ˇŔĺ ŔŰŔş şŻÇüŔĚ ŔÚż¬ ĆňÇüżˇ °ˇŔĺ °ˇ±îżň.
  - heat_flow°ˇ plainş¸´Ů dist_eps2 ŔŰŔ¸¸é -> specŔÇ µżżŞÇĐŔĚ ŔŰµż
  - forced_epsŔÇ active´Â Á¤ŔÇ»ó ~4.87% (°­Á¦) -> ppl¸¸ şń±ł
