============================================================
 Pure 1D bootstrap equation validation
============================================================
  D_eff (spec)  = 3 + delta = 3 + 0.1766 = 3.1766
  spec ЅхЉї       = 0.0487
  spec Ѕё        = D_eff ЁЄ ЅхЉї = 0.1550

[FIXED POINT]
  numerical Ѕх*  = 0.048708
  spec ЅхЉї       = 0.048700
  difference    = 0.000008

[CONTRACTION RATE]
  numerical Ѕё   = D_eff ЁЄ Ѕх* = 0.154727
  spec Ѕё        = 0.155000
  difference    = 0.000273

[CONVERGENCE TRAJECTORY] (initial p_0 = 1/3, spec table 5_Sparsity 6.2)
  n=0: p = 0.333333 (initial)
  n=1: p = 0.120300  residual = +0.071593  (spec table: 0.0928)
  n=2: p = 0.061146  residual = +0.012438  (spec table: 0.0555)
  n=3: p = 0.050671  residual = +0.001963  (spec table: 0.0498)
  n=4: p = 0.049012  residual = +0.000305
  n=5: p = 0.048755  residual = +0.000047

[LINEARIZED CONTRACTION] (per docs 5_Sparsity 6.2)
  p_{n+1} = p* + Ѕё(p_n - p*) where p* = 0.0487, Ѕё = 0.1547
  n=0: p = 0.333333
  n=1: p = 0.092747  residual = +0.044039
  n=2: p = 0.055522  residual = +0.006814
  n=3: p = 0.049762  residual = +0.001054
  n=4: p = 0.048871  residual = +0.000163
  n=5: p = 0.048733  residual = +0.000025

[NONLINEAR vs LINEARIZED comparison]
  n  | nonlinear B    | linearized B    | error
  ---|----------------|-----------------|--------
  1  | 0.120300       | 0.092747        | 0.027553
  2  | 0.061146       | 0.055522        | 0.005624
  3  | 0.050671       | 0.049762        | 0.000909
  4  | 0.049012       | 0.048871        | 0.000142
  5  | 0.048755       | 0.048733        | 0.000022
  6  | 0.048715       | 0.048712        | 0.000003
  7  | 0.048709       | 0.048708        | 0.000001

[D_EFF SWEEP]
  D_eff      Ѕх*           Ѕё             БтДЩ
  ---------- ------------ ------------- ----
    1.0000    0.998012     0.998012      
    2.0000    0.203188     0.406376      
    2.5000    0.107355     0.268388      
    3.0000    0.059520     0.178561      
    3.1766    0.048708     0.154727      (spec)
    3.5000    0.034015     0.119053      
    4.0000    0.019827     0.079310      
    5.0000    0.006977     0.034886      

============================================================
 VERDICT
============================================================
  Ѕх* numerical == ЅхЉї spec  : True  (0.0487 vs 0.0487)
  Ѕё numerical == Ѕё spec    : True  (0.1547 vs 0.1550)

  -> 1D КЮЦЎНКЦЎЗІ ЙцСЄНФРК ЛчОч БзДыЗЮ АЫСѕЕЪ.
     Ѕх* = 0.0487, Ѕё = 0.155ДТ МіЧаРћ СЄШЎАЊ.

  ГВРК АнТї:
  - 1D scalar ЅхЉї Ёц 3D probability vector p=(active,struct,bg) ШЎРх
    РЧ СЄШЎЧб МіЧаРЬ paperПЁ ИэНУЕЧСі ОЪРН.
  - НХАцИС hidden state mПЁМ­ (active, struct, bg) ratioИІ ОюЖЛАд
    ЛЬОЦГОСіРЧ СЄРЧЕЕ ИэНУЕЧСі ОЪРН (TopK? threshold? energy?)
  - РЬ СЄРЧИІ ИэШЎШї Чб ШФПЁОп specРЧ implementationРЬ АЁДЩ.
